<?xml version="1.0" encoding="UTF-8"?>
<!-- Generated by org.testng.reporters.JUnitXMLReporter -->
<testsuite ignored="0" hostname="BrkingBad" failures="0" tests="3" name="Command line test" time="48.724" errors="0" timestamp="2023-10-16T12:12:40 CDT">
  <testcase classname="test.AddCustomerTest" name="userShouldBeAbleToAddCustomer" time="16.751"/>
  <testcase classname="test.ListCustomerTest" name="userShouldBeAddedInCustomerList" time="23.043"/>
  <testcase classname="test.LoginTest" name="userShouldBeAbleToLogin" time="8.823"/>
</testsuite> <!-- Command line test -->
