<?xml version="1.0" encoding="UTF-8"?>
<testng-results ignored="0" total="3" passed="3" failed="0" skipped="0">
  <reporter-output>
  </reporter-output>
  <suite started-at="2023-10-16T12:11:51 CDT" name="Command line suite" finished-at="2023-10-16T12:12:40 CDT" duration-ms="48724">
    <groups>
    </groups>
    <test started-at="2023-10-16T12:11:51 CDT" name="Command line test" finished-at="2023-10-16T12:12:40 CDT" duration-ms="48724">
      <class name="test.AddCustomerTest">
        <test-method signature="userShouldBeAbleToAddCustomer()[pri:0, instance:test.AddCustomerTest@18a136ac]" started-at="2023-10-16T12:11:51 CDT" name="userShouldBeAbleToAddCustomer" finished-at="2023-10-16T12:12:08 CDT" duration-ms="16751" status="PASS">
          <reporter-output>
          </reporter-output>
        </test-method> <!-- userShouldBeAbleToAddCustomer -->
      </class> <!-- test.AddCustomerTest -->
      <class name="test.LoginTest">
        <test-method signature="userShouldBeAbleToLogin()[pri:0, instance:test.LoginTest@38831718]" started-at="2023-10-16T12:12:31 CDT" name="userShouldBeAbleToLogin" finished-at="2023-10-16T12:12:40 CDT" duration-ms="8823" status="PASS">
          <reporter-output>
          </reporter-output>
        </test-method> <!-- userShouldBeAbleToLogin -->
      </class> <!-- test.LoginTest -->
      <class name="test.ListCustomerTest">
        <test-method signature="userShouldBeAddedInCustomerList()[pri:0, instance:test.ListCustomerTest@149dd36b]" started-at="2023-10-16T12:12:08 CDT" name="userShouldBeAddedInCustomerList" finished-at="2023-10-16T12:12:31 CDT" duration-ms="23043" status="PASS">
          <reporter-output>
          </reporter-output>
        </test-method> <!-- userShouldBeAddedInCustomerList -->
      </class> <!-- test.ListCustomerTest -->
    </test> <!-- Command line test -->
  </suite> <!-- Command line suite -->
</testng-results>
