<?xml version="1.0" encoding="UTF-8"?>
<testng-results ignored="0" total="1" passed="1" failed="0" skipped="0">
  <reporter-output>
  </reporter-output>
  <suite started-at="2023-10-16T12:55:06 CDT" name="Default suite" finished-at="2023-10-16T12:55:34 CDT" duration-ms="27911">
    <groups>
    </groups>
    <test started-at="2023-10-16T12:55:06 CDT" name="Default test" finished-at="2023-10-16T12:55:34 CDT" duration-ms="27911">
      <class name="test.ListCustomerTest">
        <test-method signature="userShouldBeAddedInCustomerList()[pri:0, instance:test.ListCustomerTest@47c4ecdc]" started-at="2023-10-16T12:55:06 CDT" name="userShouldBeAddedInCustomerList" finished-at="2023-10-16T12:55:34 CDT" duration-ms="27853" status="PASS">
          <reporter-output>
          </reporter-output>
        </test-method> <!-- userShouldBeAddedInCustomerList -->
      </class> <!-- test.ListCustomerTest -->
    </test> <!-- Default test -->
  </suite> <!-- Default suite -->
</testng-results>
